2024-09-04 16:03:13 - INFO - Görüntü boyutu: (3511, 2483), format: RGB
2024-09-04 16:03:15 - INFO - Model ve iþlemci baþarýyla yüklendi.
2024-09-04 16:03:15 - INFO - Girdi tensorlarý oluþturuldu: {'pixel_values': tensor([[[[-1.2617, -0.8849, -0.8507,  ..., -0.8507, -0.9020, -1.2959],
          [-0.5596,  1.6667,  1.8722,  ...,  1.8722,  1.5982, -0.7822],
          [-0.4739,  2.0263,  2.2489,  ...,  2.2489,  1.9407, -0.7137],
          ...,
          [-0.4739,  2.0263,  2.2489,  ...,  2.2489,  1.9407, -0.7137],
          [-0.5082,  1.8893,  2.0948,  ...,  2.0948,  1.8037, -0.7479],
          [-1.1075, -0.3712, -0.3027,  ..., -0.3027, -0.3883, -1.1760]],

         [[-1.1604, -0.7752, -0.7402,  ..., -0.7402, -0.7927, -1.1954],
          [-0.4426,  1.8333,  2.0434,  ...,  2.0434,  1.7633, -0.6702],
          [-0.3550,  2.2010,  2.4286,  ...,  2.4286,  2.1134, -0.6001],
          ...,
          [-0.3550,  2.2010,  2.4286,  ...,  2.4286,  2.1134, -0.6001],
          [-0.3901,  2.0609,  2.2710,  ...,  2.2710,  1.9734, -0.6352],
          [-1.0028, -0.2500, -0.1800,  ..., -0.1800, -0.2675, -1.0728]],

         [[-0.9330, -0.5495, -0.5147,  ..., -0.5147, -0.5670, -0.9853],
          [-0.2358,  2.0474,  2.2566,  ...,  2.2566,  1.9603, -0.4624],
          [-0.1312,  2.4134,  2.6400,  ...,  2.6400,  2.3088, -0.3927],
          ...,
          [-0.1312,  2.4134,  2.6400,  ...,  2.6400,  2.3088, -0.3927],
          [-0.1661,  2.2740,  2.4831,  ...,  2.4831,  2.1694, -0.4275],
          [-0.7936, -0.0267,  0.0431,  ...,  0.0431, -0.0615, -0.8633]]]]), 'pixel_mask': tensor([[[1, 1, 1,  ..., 1, 1, 1],
         [1, 1, 1,  ..., 1, 1, 1],
         [1, 1, 1,  ..., 1, 1, 1],
         ...,
         [1, 1, 1,  ..., 1, 1, 1],
         [1, 1, 1,  ..., 1, 1, 1],
         [1, 1, 1,  ..., 1, 1, 1]]])}
2024-09-04 16:03:19 - INFO - Model çýktýsý: DetrObjectDetectionOutput(loss=None, loss_dict=None, logits=tensor([[[-19.4526,  -2.1253,  -8.7314,  ..., -16.0073, -11.9525,  12.3858],
         [-19.1248,  -2.5990,  -8.6402,  ..., -14.7716, -13.5929,  11.5009],
         [-19.1067,  -1.9596,  -6.6422,  ..., -14.1836, -11.0081,  11.6667],
         ...,
         [-17.6496,  -1.3947,  -5.5062,  ..., -10.9158, -10.8269,  11.9133],
         [-16.4472,  -1.3699,  -3.4014,  ...,  -9.8603, -11.1728,  11.1028],
         [-18.2235,  -1.5724,  -5.9589,  ..., -12.1053, -10.6156,  12.1243]]],
       grad_fn=<ViewBackward0>), pred_boxes=tensor([[[0.4699, 0.5167, 0.7109, 0.5850],
         [0.4988, 0.0929, 0.3040, 0.0359],
         [0.5397, 0.6577, 0.8067, 0.5317],
         [0.5053, 0.0944, 0.2104, 0.0279],
         [0.5072, 0.0919, 0.2648, 0.0348],
         [0.4882, 0.4837, 0.6941, 0.7563],
         [0.5324, 0.3531, 0.1392, 0.0442],
         [0.5562, 0.4545, 0.8392, 0.7815],
         [0.4537, 0.0968, 0.1307, 0.0270],
         [0.5097, 0.0895, 0.2694, 0.0361],
         [0.7624, 0.3904, 0.1099, 0.2493],
         [0.4851, 0.5469, 0.6854, 0.6496],
         [0.7664, 0.3905, 0.1113, 0.2737],
         [0.7726, 0.4461, 0.0936, 0.1104],
         [0.4878, 0.8154, 0.0681, 0.0450],
         [0.4779, 0.5356, 0.6792, 0.6443],
         [0.4915, 0.3377, 0.6292, 0.3063],
         [0.7703, 0.3553, 0.0712, 0.1622],
         [0.7675, 0.3799, 0.0911, 0.2193],
         [0.7654, 0.3793, 0.1066, 0.2426],
         [0.7608, 0.3940, 0.1235, 0.2893],
         [0.7661, 0.3889, 0.1098, 0.2657],
         [0.9319, 0.1040, 0.0776, 0.0502],
         [0.4617, 0.8771, 0.4526, 0.1476],
         [0.7511, 0.3727, 0.1222, 0.2283],
         [0.7524, 0.3899, 0.1363, 0.2804],
         [0.7684, 0.3833, 0.1046, 0.2582],
         [0.5077, 0.4772, 0.7253, 0.7748],
         [0.5131, 0.0942, 0.2382, 0.0324],
         [0.4311, 0.3862, 0.7605, 0.3430],
         [0.4824, 0.5663, 0.6826, 0.6532],
         [0.4369, 0.6979, 0.5990, 0.3295],
         [0.4481, 0.8105, 0.3259, 0.0821],
         [0.7727, 0.3733, 0.0751, 0.1899],
         [0.7689, 0.3799, 0.1051, 0.2605],
         [0.4855, 0.0927, 0.3209, 0.0404],
         [0.7671, 0.3888, 0.1026, 0.2565],
         [0.4840, 0.5257, 0.6716, 0.6634],
         [0.4750, 0.3312, 0.2182, 0.0597],
         [0.7589, 0.3576, 0.0609, 0.1611],
         [0.7704, 0.3620, 0.0719, 0.1734],
         [0.7684, 0.3777, 0.1023, 0.2510],
         [0.5097, 0.3780, 0.6425, 0.6205],
         [0.5039, 0.4735, 0.7396, 0.8271],
         [0.4736, 0.5023, 0.6706, 0.5252],
         [0.4739, 0.4555, 0.7309, 0.7675],
         [0.7674, 0.3646, 0.0763, 0.1760],
         [0.7020, 0.4848, 0.0477, 0.2437],
         [0.4896, 0.5625, 0.6799, 0.6291],
         [0.4844, 0.3036, 0.2650, 0.0790],
         [0.5076, 0.0937, 0.2592, 0.0323],
         [0.7663, 0.3664, 0.0941, 0.2058],
         [0.3962, 0.7966, 0.4890, 0.1437],
         [0.4521, 0.2758, 0.7429, 0.4063],
         [0.5511, 0.7939, 0.7859, 0.1644],
         [0.4916, 0.5001, 0.7050, 0.7370],
         [0.4592, 0.4869, 0.7033, 0.4925],
         [0.5985, 0.3740, 0.3624, 0.2334],
         [0.5226, 0.3418, 0.6053, 0.5508],
         [0.4869, 0.4801, 0.6976, 0.8425],
         [0.5077, 0.0933, 0.2689, 0.0340],
         [0.4855, 0.4758, 0.7080, 0.8230],
         [0.9302, 0.0985, 0.0930, 0.0755],
         [0.4493, 0.4795, 0.7429, 0.6782],
         [0.9205, 0.1010, 0.0698, 0.0584],
         [0.4196, 0.7999, 0.4802, 0.1202],
         [0.4692, 0.4741, 0.7073, 0.5167],
         [0.4840, 0.5714, 0.6711, 0.6302],
         [0.4628, 0.0964, 0.1509, 0.0292],
         [0.9233, 0.1083, 0.0386, 0.0284],
         [0.9185, 0.1069, 0.0363, 0.0276],
         [0.4875, 0.4767, 0.6982, 0.8164],
         [0.4890, 0.5496, 0.6620, 0.6342],
         [0.7555, 0.3890, 0.0725, 0.1717],
         [0.7398, 0.4736, 0.1562, 0.4467],
         [0.7646, 0.3877, 0.1045, 0.2559],
         [0.4787, 0.5357, 0.6686, 0.6265],
         [0.4292, 0.8390, 0.8026, 0.2004],
         [0.5002, 0.0959, 0.2431, 0.0317],
         [0.9043, 0.1101, 0.0362, 0.0305],
         [0.7664, 0.3924, 0.1169, 0.2801],
         [0.4930, 0.2975, 0.3172, 0.1314],
         [0.7907, 0.3767, 0.0771, 0.2179],
         [0.5074, 0.0918, 0.2610, 0.0350],
         [0.4797, 0.4290, 0.6394, 0.4986],
         [0.7744, 0.4682, 0.0920, 0.0710],
         [0.7768, 0.3906, 0.0868, 0.2236],
         [0.7489, 0.3861, 0.1418, 0.2705],
         [0.4895, 0.5038, 0.6977, 0.7898],
         [0.5419, 0.4821, 0.5201, 0.6643],
         [0.5743, 0.4723, 0.4860, 0.4719],
         [0.7658, 0.3880, 0.1020, 0.2541],
         [0.5626, 0.5610, 0.5103, 0.6329],
         [0.7219, 0.2960, 0.0754, 0.0304],
         [0.7368, 0.3795, 0.1017, 0.2142],
         [0.4853, 0.5424, 0.6734, 0.6547],
         [0.4788, 0.3699, 0.6358, 0.2873],
         [0.7482, 0.3548, 0.1367, 0.2052],
         [0.7651, 0.3893, 0.1059, 0.2612],
         [0.7407, 0.3544, 0.1159, 0.1738]]], grad_fn=<SigmoidBackward0>), auxiliary_outputs=None, last_hidden_state=tensor([[[-0.1197, -0.6451, -0.6244,  ..., -0.5581,  1.8798, -0.0250],
         [ 0.1400, -1.3603,  0.0724,  ..., -1.2592,  2.0212, -0.1435],
         [-0.4981, -0.7482, -0.3374,  ..., -0.3992,  1.8422, -0.1369],
         ...,
         [-0.9434, -0.4990, -0.5722,  ..., -0.8580,  2.5970,  1.1832],
         [-1.2216, -0.3288, -0.9055,  ..., -0.6719,  2.1815,  1.4482],
         [-0.8610, -0.6390, -0.6105,  ..., -0.8094,  2.8399,  1.2798]]],
       grad_fn=<NativeLayerNormBackward0>), decoder_hidden_states=None, decoder_attentions=None, cross_attentions=None, encoder_last_hidden_state=tensor([[[-0.0520, -0.0190, -0.0132,  ...,  0.0128, -0.0101, -0.0090],
         [-0.0542, -0.0115, -0.0158,  ...,  0.0937,  0.1023, -0.0433],
         [-0.0553, -0.0041, -0.0117,  ...,  0.0915,  0.1032, -0.0993],
         ...,
         [ 0.0843, -0.0029,  0.0253,  ..., -0.3914,  0.3588, -0.0148],
         [ 0.0832, -0.0078,  0.0283,  ..., -0.3998,  0.3534, -0.0297],
         [ 0.0283, -0.0052,  0.0192,  ..., -0.3955,  0.1916, -0.1466]]],
       grad_fn=<NativeLayerNormBackward0>), encoder_hidden_states=None, encoder_attentions=None)
2024-09-04 16:03:19 - INFO - Ýþlenmiþ sonuçlar: {'scores': tensor([], grad_fn=<IndexBackward0>), 'labels': tensor([], dtype=torch.int64), 'boxes': tensor([], size=(0, 4), grad_fn=<IndexBackward0>)}
2024-09-04 16:03:19 - WARNING - Algýlanan nesne yok.
2024-09-04 16:04:23 - INFO - Görüntü boyutu: (3511, 2483), format: RGB
2024-09-04 16:04:24 - INFO - Model ve iþlemci baþarýyla yüklendi.
2024-09-04 16:04:24 - INFO - Girdi tensorlarý oluþturuldu: {'pixel_values': tensor([[[[-1.2617, -0.8849, -0.8507,  ..., -0.8507, -0.9020, -1.2959],
          [-0.5596,  1.6667,  1.8722,  ...,  1.8722,  1.5982, -0.7822],
          [-0.4739,  2.0263,  2.2489,  ...,  2.2489,  1.9407, -0.7137],
          ...,
          [-0.4739,  2.0263,  2.2489,  ...,  2.2489,  1.9407, -0.7137],
          [-0.5082,  1.8893,  2.0948,  ...,  2.0948,  1.8037, -0.7479],
          [-1.1075, -0.3712, -0.3027,  ..., -0.3027, -0.3883, -1.1760]],

         [[-1.1604, -0.7752, -0.7402,  ..., -0.7402, -0.7927, -1.1954],
          [-0.4426,  1.8333,  2.0434,  ...,  2.0434,  1.7633, -0.6702],
          [-0.3550,  2.2010,  2.4286,  ...,  2.4286,  2.1134, -0.6001],
          ...,
          [-0.3550,  2.2010,  2.4286,  ...,  2.4286,  2.1134, -0.6001],
          [-0.3901,  2.0609,  2.2710,  ...,  2.2710,  1.9734, -0.6352],
          [-1.0028, -0.2500, -0.1800,  ..., -0.1800, -0.2675, -1.0728]],

         [[-0.9330, -0.5495, -0.5147,  ..., -0.5147, -0.5670, -0.9853],
          [-0.2358,  2.0474,  2.2566,  ...,  2.2566,  1.9603, -0.4624],
          [-0.1312,  2.4134,  2.6400,  ...,  2.6400,  2.3088, -0.3927],
          ...,
          [-0.1312,  2.4134,  2.6400,  ...,  2.6400,  2.3088, -0.3927],
          [-0.1661,  2.2740,  2.4831,  ...,  2.4831,  2.1694, -0.4275],
          [-0.7936, -0.0267,  0.0431,  ...,  0.0431, -0.0615, -0.8633]]]]), 'pixel_mask': tensor([[[1, 1, 1,  ..., 1, 1, 1],
         [1, 1, 1,  ..., 1, 1, 1],
         [1, 1, 1,  ..., 1, 1, 1],
         ...,
         [1, 1, 1,  ..., 1, 1, 1],
         [1, 1, 1,  ..., 1, 1, 1],
         [1, 1, 1,  ..., 1, 1, 1]]])}
2024-09-04 16:04:28 - INFO - Model çýktýsý: DetrObjectDetectionOutput(loss=None, loss_dict=None, logits=tensor([[[-19.4526,  -2.1253,  -8.7314,  ..., -16.0073, -11.9525,  12.3858],
         [-19.1248,  -2.5990,  -8.6402,  ..., -14.7716, -13.5929,  11.5009],
         [-19.1067,  -1.9596,  -6.6422,  ..., -14.1836, -11.0081,  11.6667],
         ...,
         [-17.6496,  -1.3947,  -5.5062,  ..., -10.9158, -10.8269,  11.9133],
         [-16.4472,  -1.3699,  -3.4014,  ...,  -9.8603, -11.1728,  11.1028],
         [-18.2235,  -1.5724,  -5.9589,  ..., -12.1053, -10.6156,  12.1243]]],
       grad_fn=<ViewBackward0>), pred_boxes=tensor([[[0.4699, 0.5167, 0.7109, 0.5850],
         [0.4988, 0.0929, 0.3040, 0.0359],
         [0.5397, 0.6577, 0.8067, 0.5317],
         [0.5053, 0.0944, 0.2104, 0.0279],
         [0.5072, 0.0919, 0.2648, 0.0348],
         [0.4882, 0.4837, 0.6941, 0.7563],
         [0.5324, 0.3531, 0.1392, 0.0442],
         [0.5562, 0.4545, 0.8392, 0.7815],
         [0.4537, 0.0968, 0.1307, 0.0270],
         [0.5097, 0.0895, 0.2694, 0.0361],
         [0.7624, 0.3904, 0.1099, 0.2493],
         [0.4851, 0.5469, 0.6854, 0.6496],
         [0.7664, 0.3905, 0.1113, 0.2737],
         [0.7726, 0.4461, 0.0936, 0.1104],
         [0.4878, 0.8154, 0.0681, 0.0450],
         [0.4779, 0.5356, 0.6792, 0.6443],
         [0.4915, 0.3377, 0.6292, 0.3063],
         [0.7703, 0.3553, 0.0712, 0.1622],
         [0.7675, 0.3799, 0.0911, 0.2193],
         [0.7654, 0.3793, 0.1066, 0.2426],
         [0.7608, 0.3940, 0.1235, 0.2893],
         [0.7661, 0.3889, 0.1098, 0.2657],
         [0.9319, 0.1040, 0.0776, 0.0502],
         [0.4617, 0.8771, 0.4526, 0.1476],
         [0.7511, 0.3727, 0.1222, 0.2283],
         [0.7524, 0.3899, 0.1363, 0.2804],
         [0.7684, 0.3833, 0.1046, 0.2582],
         [0.5077, 0.4772, 0.7253, 0.7748],
         [0.5131, 0.0942, 0.2382, 0.0324],
         [0.4311, 0.3862, 0.7605, 0.3430],
         [0.4824, 0.5663, 0.6826, 0.6532],
         [0.4369, 0.6979, 0.5990, 0.3295],
         [0.4481, 0.8105, 0.3259, 0.0821],
         [0.7727, 0.3733, 0.0751, 0.1899],
         [0.7689, 0.3799, 0.1051, 0.2605],
         [0.4855, 0.0927, 0.3209, 0.0404],
         [0.7671, 0.3888, 0.1026, 0.2565],
         [0.4840, 0.5257, 0.6716, 0.6634],
         [0.4750, 0.3312, 0.2182, 0.0597],
         [0.7589, 0.3576, 0.0609, 0.1611],
         [0.7704, 0.3620, 0.0719, 0.1734],
         [0.7684, 0.3777, 0.1023, 0.2510],
         [0.5097, 0.3780, 0.6425, 0.6205],
         [0.5039, 0.4735, 0.7396, 0.8271],
         [0.4736, 0.5023, 0.6706, 0.5252],
         [0.4739, 0.4555, 0.7309, 0.7675],
         [0.7674, 0.3646, 0.0763, 0.1760],
         [0.7020, 0.4848, 0.0477, 0.2437],
         [0.4896, 0.5625, 0.6799, 0.6291],
         [0.4844, 0.3036, 0.2650, 0.0790],
         [0.5076, 0.0937, 0.2592, 0.0323],
         [0.7663, 0.3664, 0.0941, 0.2058],
         [0.3962, 0.7966, 0.4890, 0.1437],
         [0.4521, 0.2758, 0.7429, 0.4063],
         [0.5511, 0.7939, 0.7859, 0.1644],
         [0.4916, 0.5001, 0.7050, 0.7370],
         [0.4592, 0.4869, 0.7033, 0.4925],
         [0.5985, 0.3740, 0.3624, 0.2334],
         [0.5226, 0.3418, 0.6053, 0.5508],
         [0.4869, 0.4801, 0.6976, 0.8425],
         [0.5077, 0.0933, 0.2689, 0.0340],
         [0.4855, 0.4758, 0.7080, 0.8230],
         [0.9302, 0.0985, 0.0930, 0.0755],
         [0.4493, 0.4795, 0.7429, 0.6782],
         [0.9205, 0.1010, 0.0698, 0.0584],
         [0.4196, 0.7999, 0.4802, 0.1202],
         [0.4692, 0.4741, 0.7073, 0.5167],
         [0.4840, 0.5714, 0.6711, 0.6302],
         [0.4628, 0.0964, 0.1509, 0.0292],
         [0.9233, 0.1083, 0.0386, 0.0284],
         [0.9185, 0.1069, 0.0363, 0.0276],
         [0.4875, 0.4767, 0.6982, 0.8164],
         [0.4890, 0.5496, 0.6620, 0.6342],
         [0.7555, 0.3890, 0.0725, 0.1717],
         [0.7398, 0.4736, 0.1562, 0.4467],
         [0.7646, 0.3877, 0.1045, 0.2559],
         [0.4787, 0.5357, 0.6686, 0.6265],
         [0.4292, 0.8390, 0.8026, 0.2004],
         [0.5002, 0.0959, 0.2431, 0.0317],
         [0.9043, 0.1101, 0.0362, 0.0305],
         [0.7664, 0.3924, 0.1169, 0.2801],
         [0.4930, 0.2975, 0.3172, 0.1314],
         [0.7907, 0.3767, 0.0771, 0.2179],
         [0.5074, 0.0918, 0.2610, 0.0350],
         [0.4797, 0.4290, 0.6394, 0.4986],
         [0.7744, 0.4682, 0.0920, 0.0710],
         [0.7768, 0.3906, 0.0868, 0.2236],
         [0.7489, 0.3861, 0.1418, 0.2705],
         [0.4895, 0.5038, 0.6977, 0.7898],
         [0.5419, 0.4821, 0.5201, 0.6643],
         [0.5743, 0.4723, 0.4860, 0.4719],
         [0.7658, 0.3880, 0.1020, 0.2541],
         [0.5626, 0.5610, 0.5103, 0.6329],
         [0.7219, 0.2960, 0.0754, 0.0304],
         [0.7368, 0.3795, 0.1017, 0.2142],
         [0.4853, 0.5424, 0.6734, 0.6547],
         [0.4788, 0.3699, 0.6358, 0.2873],
         [0.7482, 0.3548, 0.1367, 0.2052],
         [0.7651, 0.3893, 0.1059, 0.2612],
         [0.7407, 0.3544, 0.1159, 0.1738]]], grad_fn=<SigmoidBackward0>), auxiliary_outputs=None, last_hidden_state=tensor([[[-0.1197, -0.6451, -0.6244,  ..., -0.5581,  1.8798, -0.0250],
         [ 0.1400, -1.3603,  0.0724,  ..., -1.2592,  2.0212, -0.1435],
         [-0.4981, -0.7482, -0.3374,  ..., -0.3992,  1.8422, -0.1369],
         ...,
         [-0.9434, -0.4990, -0.5722,  ..., -0.8580,  2.5970,  1.1832],
         [-1.2216, -0.3288, -0.9055,  ..., -0.6719,  2.1815,  1.4482],
         [-0.8610, -0.6390, -0.6105,  ..., -0.8094,  2.8399,  1.2798]]],
       grad_fn=<NativeLayerNormBackward0>), decoder_hidden_states=None, decoder_attentions=None, cross_attentions=None, encoder_last_hidden_state=tensor([[[-0.0520, -0.0190, -0.0132,  ...,  0.0128, -0.0101, -0.0090],
         [-0.0542, -0.0115, -0.0158,  ...,  0.0937,  0.1023, -0.0433],
         [-0.0553, -0.0041, -0.0117,  ...,  0.0915,  0.1032, -0.0993],
         ...,
         [ 0.0843, -0.0029,  0.0253,  ..., -0.3914,  0.3588, -0.0148],
         [ 0.0832, -0.0078,  0.0283,  ..., -0.3998,  0.3534, -0.0297],
         [ 0.0283, -0.0052,  0.0192,  ..., -0.3955,  0.1916, -0.1466]]],
       grad_fn=<NativeLayerNormBackward0>), encoder_hidden_states=None, encoder_attentions=None)
2024-09-04 16:04:28 - INFO - Ýþlenmiþ sonuçlar: {'scores': tensor([], grad_fn=<IndexBackward0>), 'labels': tensor([], dtype=torch.int64), 'boxes': tensor([], size=(0, 4), grad_fn=<IndexBackward0>)}
2024-09-04 16:04:28 - WARNING - Algýlanan nesne yok.
2024-09-04 16:11:56 - INFO - Görüntü boyutu: (3511, 2483), format: RGB
2024-09-04 16:11:58 - INFO - Model ve iþlemci baþarýyla yüklendi.
2024-09-04 16:11:58 - INFO - Girdi tensorlarý oluþturuldu: {'pixel_values': tensor([[[[-1.2617, -0.8849, -0.8507,  ..., -0.8507, -0.9020, -1.2959],
          [-0.5596,  1.6667,  1.8722,  ...,  1.8722,  1.5982, -0.7822],
          [-0.4739,  2.0263,  2.2489,  ...,  2.2489,  1.9407, -0.7137],
          ...,
          [-0.4739,  2.0263,  2.2489,  ...,  2.2489,  1.9407, -0.7137],
          [-0.5082,  1.8893,  2.0948,  ...,  2.0948,  1.8037, -0.7479],
          [-1.1075, -0.3712, -0.3027,  ..., -0.3027, -0.3883, -1.1760]],

         [[-1.1604, -0.7752, -0.7402,  ..., -0.7402, -0.7927, -1.1954],
          [-0.4426,  1.8333,  2.0434,  ...,  2.0434,  1.7633, -0.6702],
          [-0.3550,  2.2010,  2.4286,  ...,  2.4286,  2.1134, -0.6001],
          ...,
          [-0.3550,  2.2010,  2.4286,  ...,  2.4286,  2.1134, -0.6001],
          [-0.3901,  2.0609,  2.2710,  ...,  2.2710,  1.9734, -0.6352],
          [-1.0028, -0.2500, -0.1800,  ..., -0.1800, -0.2675, -1.0728]],

         [[-0.9330, -0.5495, -0.5147,  ..., -0.5147, -0.5670, -0.9853],
          [-0.2358,  2.0474,  2.2566,  ...,  2.2566,  1.9603, -0.4624],
          [-0.1312,  2.4134,  2.6400,  ...,  2.6400,  2.3088, -0.3927],
          ...,
          [-0.1312,  2.4134,  2.6400,  ...,  2.6400,  2.3088, -0.3927],
          [-0.1661,  2.2740,  2.4831,  ...,  2.4831,  2.1694, -0.4275],
          [-0.7936, -0.0267,  0.0431,  ...,  0.0431, -0.0615, -0.8633]]]]), 'pixel_mask': tensor([[[1, 1, 1,  ..., 1, 1, 1],
         [1, 1, 1,  ..., 1, 1, 1],
         [1, 1, 1,  ..., 1, 1, 1],
         ...,
         [1, 1, 1,  ..., 1, 1, 1],
         [1, 1, 1,  ..., 1, 1, 1],
         [1, 1, 1,  ..., 1, 1, 1]]])}
2024-09-04 16:12:02 - INFO - Model çýktýsý: DetrObjectDetectionOutput(loss=None, loss_dict=None, logits=tensor([[[-19.4526,  -2.1253,  -8.7314,  ..., -16.0073, -11.9525,  12.3858],
         [-19.1248,  -2.5990,  -8.6402,  ..., -14.7716, -13.5929,  11.5009],
         [-19.1067,  -1.9596,  -6.6422,  ..., -14.1836, -11.0081,  11.6667],
         ...,
         [-17.6496,  -1.3947,  -5.5062,  ..., -10.9158, -10.8269,  11.9133],
         [-16.4472,  -1.3699,  -3.4014,  ...,  -9.8603, -11.1728,  11.1028],
         [-18.2235,  -1.5724,  -5.9589,  ..., -12.1053, -10.6156,  12.1243]]],
       grad_fn=<ViewBackward0>), pred_boxes=tensor([[[0.4699, 0.5167, 0.7109, 0.5850],
         [0.4988, 0.0929, 0.3040, 0.0359],
         [0.5397, 0.6577, 0.8067, 0.5317],
         [0.5053, 0.0944, 0.2104, 0.0279],
         [0.5072, 0.0919, 0.2648, 0.0348],
         [0.4882, 0.4837, 0.6941, 0.7563],
         [0.5324, 0.3531, 0.1392, 0.0442],
         [0.5562, 0.4545, 0.8392, 0.7815],
         [0.4537, 0.0968, 0.1307, 0.0270],
         [0.5097, 0.0895, 0.2694, 0.0361],
         [0.7624, 0.3904, 0.1099, 0.2493],
         [0.4851, 0.5469, 0.6854, 0.6496],
         [0.7664, 0.3905, 0.1113, 0.2737],
         [0.7726, 0.4461, 0.0936, 0.1104],
         [0.4878, 0.8154, 0.0681, 0.0450],
         [0.4779, 0.5356, 0.6792, 0.6443],
         [0.4915, 0.3377, 0.6292, 0.3063],
         [0.7703, 0.3553, 0.0712, 0.1622],
         [0.7675, 0.3799, 0.0911, 0.2193],
         [0.7654, 0.3793, 0.1066, 0.2426],
         [0.7608, 0.3940, 0.1235, 0.2893],
         [0.7661, 0.3889, 0.1098, 0.2657],
         [0.9319, 0.1040, 0.0776, 0.0502],
         [0.4617, 0.8771, 0.4526, 0.1476],
         [0.7511, 0.3727, 0.1222, 0.2283],
         [0.7524, 0.3899, 0.1363, 0.2804],
         [0.7684, 0.3833, 0.1046, 0.2582],
         [0.5077, 0.4772, 0.7253, 0.7748],
         [0.5131, 0.0942, 0.2382, 0.0324],
         [0.4311, 0.3862, 0.7605, 0.3430],
         [0.4824, 0.5663, 0.6826, 0.6532],
         [0.4369, 0.6979, 0.5990, 0.3295],
         [0.4481, 0.8105, 0.3259, 0.0821],
         [0.7727, 0.3733, 0.0751, 0.1899],
         [0.7689, 0.3799, 0.1051, 0.2605],
         [0.4855, 0.0927, 0.3209, 0.0404],
         [0.7671, 0.3888, 0.1026, 0.2565],
         [0.4840, 0.5257, 0.6716, 0.6634],
         [0.4750, 0.3312, 0.2182, 0.0597],
         [0.7589, 0.3576, 0.0609, 0.1611],
         [0.7704, 0.3620, 0.0719, 0.1734],
         [0.7684, 0.3777, 0.1023, 0.2510],
         [0.5097, 0.3780, 0.6425, 0.6205],
         [0.5039, 0.4735, 0.7396, 0.8271],
         [0.4736, 0.5023, 0.6706, 0.5252],
         [0.4739, 0.4555, 0.7309, 0.7675],
         [0.7674, 0.3646, 0.0763, 0.1760],
         [0.7020, 0.4848, 0.0477, 0.2437],
         [0.4896, 0.5625, 0.6799, 0.6291],
         [0.4844, 0.3036, 0.2650, 0.0790],
         [0.5076, 0.0937, 0.2592, 0.0323],
         [0.7663, 0.3664, 0.0941, 0.2058],
         [0.3962, 0.7966, 0.4890, 0.1437],
         [0.4521, 0.2758, 0.7429, 0.4063],
         [0.5511, 0.7939, 0.7859, 0.1644],
         [0.4916, 0.5001, 0.7050, 0.7370],
         [0.4592, 0.4869, 0.7033, 0.4925],
         [0.5985, 0.3740, 0.3624, 0.2334],
         [0.5226, 0.3418, 0.6053, 0.5508],
         [0.4869, 0.4801, 0.6976, 0.8425],
         [0.5077, 0.0933, 0.2689, 0.0340],
         [0.4855, 0.4758, 0.7080, 0.8230],
         [0.9302, 0.0985, 0.0930, 0.0755],
         [0.4493, 0.4795, 0.7429, 0.6782],
         [0.9205, 0.1010, 0.0698, 0.0584],
         [0.4196, 0.7999, 0.4802, 0.1202],
         [0.4692, 0.4741, 0.7073, 0.5167],
         [0.4840, 0.5714, 0.6711, 0.6302],
         [0.4628, 0.0964, 0.1509, 0.0292],
         [0.9233, 0.1083, 0.0386, 0.0284],
         [0.9185, 0.1069, 0.0363, 0.0276],
         [0.4875, 0.4767, 0.6982, 0.8164],
         [0.4890, 0.5496, 0.6620, 0.6342],
         [0.7555, 0.3890, 0.0725, 0.1717],
         [0.7398, 0.4736, 0.1562, 0.4467],
         [0.7646, 0.3877, 0.1045, 0.2559],
         [0.4787, 0.5357, 0.6686, 0.6265],
         [0.4292, 0.8390, 0.8026, 0.2004],
         [0.5002, 0.0959, 0.2431, 0.0317],
         [0.9043, 0.1101, 0.0362, 0.0305],
         [0.7664, 0.3924, 0.1169, 0.2801],
         [0.4930, 0.2975, 0.3172, 0.1314],
         [0.7907, 0.3767, 0.0771, 0.2179],
         [0.5074, 0.0918, 0.2610, 0.0350],
         [0.4797, 0.4290, 0.6394, 0.4986],
         [0.7744, 0.4682, 0.0920, 0.0710],
         [0.7768, 0.3906, 0.0868, 0.2236],
         [0.7489, 0.3861, 0.1418, 0.2705],
         [0.4895, 0.5038, 0.6977, 0.7898],
         [0.5419, 0.4821, 0.5201, 0.6643],
         [0.5743, 0.4723, 0.4860, 0.4719],
         [0.7658, 0.3880, 0.1020, 0.2541],
         [0.5626, 0.5610, 0.5103, 0.6329],
         [0.7219, 0.2960, 0.0754, 0.0304],
         [0.7368, 0.3795, 0.1017, 0.2142],
         [0.4853, 0.5424, 0.6734, 0.6547],
         [0.4788, 0.3699, 0.6358, 0.2873],
         [0.7482, 0.3548, 0.1367, 0.2052],
         [0.7651, 0.3893, 0.1059, 0.2612],
         [0.7407, 0.3544, 0.1159, 0.1738]]], grad_fn=<SigmoidBackward0>), auxiliary_outputs=None, last_hidden_state=tensor([[[-0.1197, -0.6451, -0.6244,  ..., -0.5581,  1.8798, -0.0250],
         [ 0.1400, -1.3603,  0.0724,  ..., -1.2592,  2.0212, -0.1435],
         [-0.4981, -0.7482, -0.3374,  ..., -0.3992,  1.8422, -0.1369],
         ...,
         [-0.9434, -0.4990, -0.5722,  ..., -0.8580,  2.5970,  1.1832],
         [-1.2216, -0.3288, -0.9055,  ..., -0.6719,  2.1815,  1.4482],
         [-0.8610, -0.6390, -0.6105,  ..., -0.8094,  2.8399,  1.2798]]],
       grad_fn=<NativeLayerNormBackward0>), decoder_hidden_states=None, decoder_attentions=None, cross_attentions=None, encoder_last_hidden_state=tensor([[[-0.0520, -0.0190, -0.0132,  ...,  0.0128, -0.0101, -0.0090],
         [-0.0542, -0.0115, -0.0158,  ...,  0.0937,  0.1023, -0.0433],
         [-0.0553, -0.0041, -0.0117,  ...,  0.0915,  0.1032, -0.0993],
         ...,
         [ 0.0843, -0.0029,  0.0253,  ..., -0.3914,  0.3588, -0.0148],
         [ 0.0832, -0.0078,  0.0283,  ..., -0.3998,  0.3534, -0.0297],
         [ 0.0283, -0.0052,  0.0192,  ..., -0.3955,  0.1916, -0.1466]]],
       grad_fn=<NativeLayerNormBackward0>), encoder_hidden_states=None, encoder_attentions=None)
2024-09-04 16:12:02 - INFO - Ýþlenmiþ sonuçlar: {'scores': tensor([], grad_fn=<IndexBackward0>), 'labels': tensor([], dtype=torch.int64), 'boxes': tensor([], size=(0, 4), grad_fn=<IndexBackward0>)}
2024-09-04 16:12:02 - WARNING - Algýlanan nesne yok.
2024-09-04 16:13:15 - INFO - Görüntü boyutu: (3511, 2483), format: RGB
2024-09-04 16:13:17 - INFO - Model ve iþlemci baþarýyla yüklendi.
2024-09-04 16:13:17 - INFO - Girdi tensorlarý oluþturuldu: {'pixel_values': tensor([[[[-1.2617, -0.8849, -0.8507,  ..., -0.8507, -0.9020, -1.2959],
          [-0.5596,  1.6667,  1.8722,  ...,  1.8722,  1.5982, -0.7822],
          [-0.4739,  2.0263,  2.2489,  ...,  2.2489,  1.9407, -0.7137],
          ...,
          [-0.4739,  2.0263,  2.2489,  ...,  2.2489,  1.9407, -0.7137],
          [-0.5082,  1.8893,  2.0948,  ...,  2.0948,  1.8037, -0.7479],
          [-1.1075, -0.3712, -0.3027,  ..., -0.3027, -0.3883, -1.1760]],

         [[-1.1604, -0.7752, -0.7402,  ..., -0.7402, -0.7927, -1.1954],
          [-0.4426,  1.8333,  2.0434,  ...,  2.0434,  1.7633, -0.6702],
          [-0.3550,  2.2010,  2.4286,  ...,  2.4286,  2.1134, -0.6001],
          ...,
          [-0.3550,  2.2010,  2.4286,  ...,  2.4286,  2.1134, -0.6001],
          [-0.3901,  2.0609,  2.2710,  ...,  2.2710,  1.9734, -0.6352],
          [-1.0028, -0.2500, -0.1800,  ..., -0.1800, -0.2675, -1.0728]],

         [[-0.9330, -0.5495, -0.5147,  ..., -0.5147, -0.5670, -0.9853],
          [-0.2358,  2.0474,  2.2566,  ...,  2.2566,  1.9603, -0.4624],
          [-0.1312,  2.4134,  2.6400,  ...,  2.6400,  2.3088, -0.3927],
          ...,
          [-0.1312,  2.4134,  2.6400,  ...,  2.6400,  2.3088, -0.3927],
          [-0.1661,  2.2740,  2.4831,  ...,  2.4831,  2.1694, -0.4275],
          [-0.7936, -0.0267,  0.0431,  ...,  0.0431, -0.0615, -0.8633]]]]), 'pixel_mask': tensor([[[1, 1, 1,  ..., 1, 1, 1],
         [1, 1, 1,  ..., 1, 1, 1],
         [1, 1, 1,  ..., 1, 1, 1],
         ...,
         [1, 1, 1,  ..., 1, 1, 1],
         [1, 1, 1,  ..., 1, 1, 1],
         [1, 1, 1,  ..., 1, 1, 1]]])}
2024-09-04 16:13:20 - INFO - Model çýktýsý: DetrObjectDetectionOutput(loss=None, loss_dict=None, logits=tensor([[[-19.4526,  -2.1253,  -8.7314,  ..., -16.0073, -11.9525,  12.3858],
         [-19.1248,  -2.5990,  -8.6402,  ..., -14.7716, -13.5929,  11.5009],
         [-19.1067,  -1.9596,  -6.6422,  ..., -14.1836, -11.0081,  11.6667],
         ...,
         [-17.6496,  -1.3947,  -5.5062,  ..., -10.9158, -10.8269,  11.9133],
         [-16.4472,  -1.3699,  -3.4014,  ...,  -9.8603, -11.1728,  11.1028],
         [-18.2235,  -1.5724,  -5.9589,  ..., -12.1053, -10.6156,  12.1243]]],
       grad_fn=<ViewBackward0>), pred_boxes=tensor([[[0.4699, 0.5167, 0.7109, 0.5850],
         [0.4988, 0.0929, 0.3040, 0.0359],
         [0.5397, 0.6577, 0.8067, 0.5317],
         [0.5053, 0.0944, 0.2104, 0.0279],
         [0.5072, 0.0919, 0.2648, 0.0348],
         [0.4882, 0.4837, 0.6941, 0.7563],
         [0.5324, 0.3531, 0.1392, 0.0442],
         [0.5562, 0.4545, 0.8392, 0.7815],
         [0.4537, 0.0968, 0.1307, 0.0270],
         [0.5097, 0.0895, 0.2694, 0.0361],
         [0.7624, 0.3904, 0.1099, 0.2493],
         [0.4851, 0.5469, 0.6854, 0.6496],
         [0.7664, 0.3905, 0.1113, 0.2737],
         [0.7726, 0.4461, 0.0936, 0.1104],
         [0.4878, 0.8154, 0.0681, 0.0450],
         [0.4779, 0.5356, 0.6792, 0.6443],
         [0.4915, 0.3377, 0.6292, 0.3063],
         [0.7703, 0.3553, 0.0712, 0.1622],
         [0.7675, 0.3799, 0.0911, 0.2193],
         [0.7654, 0.3793, 0.1066, 0.2426],
         [0.7608, 0.3940, 0.1235, 0.2893],
         [0.7661, 0.3889, 0.1098, 0.2657],
         [0.9319, 0.1040, 0.0776, 0.0502],
         [0.4617, 0.8771, 0.4526, 0.1476],
         [0.7511, 0.3727, 0.1222, 0.2283],
         [0.7524, 0.3899, 0.1363, 0.2804],
         [0.7684, 0.3833, 0.1046, 0.2582],
         [0.5077, 0.4772, 0.7253, 0.7748],
         [0.5131, 0.0942, 0.2382, 0.0324],
         [0.4311, 0.3862, 0.7605, 0.3430],
         [0.4824, 0.5663, 0.6826, 0.6532],
         [0.4369, 0.6979, 0.5990, 0.3295],
         [0.4481, 0.8105, 0.3259, 0.0821],
         [0.7727, 0.3733, 0.0751, 0.1899],
         [0.7689, 0.3799, 0.1051, 0.2605],
         [0.4855, 0.0927, 0.3209, 0.0404],
         [0.7671, 0.3888, 0.1026, 0.2565],
         [0.4840, 0.5257, 0.6716, 0.6634],
         [0.4750, 0.3312, 0.2182, 0.0597],
         [0.7589, 0.3576, 0.0609, 0.1611],
         [0.7704, 0.3620, 0.0719, 0.1734],
         [0.7684, 0.3777, 0.1023, 0.2510],
         [0.5097, 0.3780, 0.6425, 0.6205],
         [0.5039, 0.4735, 0.7396, 0.8271],
         [0.4736, 0.5023, 0.6706, 0.5252],
         [0.4739, 0.4555, 0.7309, 0.7675],
         [0.7674, 0.3646, 0.0763, 0.1760],
         [0.7020, 0.4848, 0.0477, 0.2437],
         [0.4896, 0.5625, 0.6799, 0.6291],
         [0.4844, 0.3036, 0.2650, 0.0790],
         [0.5076, 0.0937, 0.2592, 0.0323],
         [0.7663, 0.3664, 0.0941, 0.2058],
         [0.3962, 0.7966, 0.4890, 0.1437],
         [0.4521, 0.2758, 0.7429, 0.4063],
         [0.5511, 0.7939, 0.7859, 0.1644],
         [0.4916, 0.5001, 0.7050, 0.7370],
         [0.4592, 0.4869, 0.7033, 0.4925],
         [0.5985, 0.3740, 0.3624, 0.2334],
         [0.5226, 0.3418, 0.6053, 0.5508],
         [0.4869, 0.4801, 0.6976, 0.8425],
         [0.5077, 0.0933, 0.2689, 0.0340],
         [0.4855, 0.4758, 0.7080, 0.8230],
         [0.9302, 0.0985, 0.0930, 0.0755],
         [0.4493, 0.4795, 0.7429, 0.6782],
         [0.9205, 0.1010, 0.0698, 0.0584],
         [0.4196, 0.7999, 0.4802, 0.1202],
         [0.4692, 0.4741, 0.7073, 0.5167],
         [0.4840, 0.5714, 0.6711, 0.6302],
         [0.4628, 0.0964, 0.1509, 0.0292],
         [0.9233, 0.1083, 0.0386, 0.0284],
         [0.9185, 0.1069, 0.0363, 0.0276],
         [0.4875, 0.4767, 0.6982, 0.8164],
         [0.4890, 0.5496, 0.6620, 0.6342],
         [0.7555, 0.3890, 0.0725, 0.1717],
         [0.7398, 0.4736, 0.1562, 0.4467],
         [0.7646, 0.3877, 0.1045, 0.2559],
         [0.4787, 0.5357, 0.6686, 0.6265],
         [0.4292, 0.8390, 0.8026, 0.2004],
         [0.5002, 0.0959, 0.2431, 0.0317],
         [0.9043, 0.1101, 0.0362, 0.0305],
         [0.7664, 0.3924, 0.1169, 0.2801],
         [0.4930, 0.2975, 0.3172, 0.1314],
         [0.7907, 0.3767, 0.0771, 0.2179],
         [0.5074, 0.0918, 0.2610, 0.0350],
         [0.4797, 0.4290, 0.6394, 0.4986],
         [0.7744, 0.4682, 0.0920, 0.0710],
         [0.7768, 0.3906, 0.0868, 0.2236],
         [0.7489, 0.3861, 0.1418, 0.2705],
         [0.4895, 0.5038, 0.6977, 0.7898],
         [0.5419, 0.4821, 0.5201, 0.6643],
         [0.5743, 0.4723, 0.4860, 0.4719],
         [0.7658, 0.3880, 0.1020, 0.2541],
         [0.5626, 0.5610, 0.5103, 0.6329],
         [0.7219, 0.2960, 0.0754, 0.0304],
         [0.7368, 0.3795, 0.1017, 0.2142],
         [0.4853, 0.5424, 0.6734, 0.6547],
         [0.4788, 0.3699, 0.6358, 0.2873],
         [0.7482, 0.3548, 0.1367, 0.2052],
         [0.7651, 0.3893, 0.1059, 0.2612],
         [0.7407, 0.3544, 0.1159, 0.1738]]], grad_fn=<SigmoidBackward0>), auxiliary_outputs=None, last_hidden_state=tensor([[[-0.1197, -0.6451, -0.6244,  ..., -0.5581,  1.8798, -0.0250],
         [ 0.1400, -1.3603,  0.0724,  ..., -1.2592,  2.0212, -0.1435],
         [-0.4981, -0.7482, -0.3374,  ..., -0.3992,  1.8422, -0.1369],
         ...,
         [-0.9434, -0.4990, -0.5722,  ..., -0.8580,  2.5970,  1.1832],
         [-1.2216, -0.3288, -0.9055,  ..., -0.6719,  2.1815,  1.4482],
         [-0.8610, -0.6390, -0.6105,  ..., -0.8094,  2.8399,  1.2798]]],
       grad_fn=<NativeLayerNormBackward0>), decoder_hidden_states=None, decoder_attentions=None, cross_attentions=None, encoder_last_hidden_state=tensor([[[-0.0520, -0.0190, -0.0132,  ...,  0.0128, -0.0101, -0.0090],
         [-0.0542, -0.0115, -0.0158,  ...,  0.0937,  0.1023, -0.0433],
         [-0.0553, -0.0041, -0.0117,  ...,  0.0915,  0.1032, -0.0993],
         ...,
         [ 0.0843, -0.0029,  0.0253,  ..., -0.3914,  0.3588, -0.0148],
         [ 0.0832, -0.0078,  0.0283,  ..., -0.3998,  0.3534, -0.0297],
         [ 0.0283, -0.0052,  0.0192,  ..., -0.3955,  0.1916, -0.1466]]],
       grad_fn=<NativeLayerNormBackward0>), encoder_hidden_states=None, encoder_attentions=None)
2024-09-04 16:13:20 - INFO - Ýþlenmiþ sonuçlar: {'scores': tensor([], grad_fn=<IndexBackward0>), 'labels': tensor([], dtype=torch.int64), 'boxes': tensor([], size=(0, 4), grad_fn=<IndexBackward0>)}
2024-09-04 16:13:20 - WARNING - Algýlanan nesne yok.
2024-09-04 16:13:55 - INFO - Görüntü boyutu: (3511, 2483), format: RGB
2024-09-04 16:13:56 - INFO - Model ve iþlemci baþarýyla yüklendi.
2024-09-04 16:13:56 - INFO - Girdi tensorlarý oluþturuldu: {'pixel_values': tensor([[[[-1.2617, -0.8849, -0.8507,  ..., -0.8507, -0.9020, -1.2959],
          [-0.5596,  1.6667,  1.8722,  ...,  1.8722,  1.5982, -0.7822],
          [-0.4739,  2.0263,  2.2489,  ...,  2.2489,  1.9407, -0.7137],
          ...,
          [-0.4739,  2.0263,  2.2489,  ...,  2.2489,  1.9407, -0.7137],
          [-0.5082,  1.8893,  2.0948,  ...,  2.0948,  1.8037, -0.7479],
          [-1.1075, -0.3712, -0.3027,  ..., -0.3027, -0.3883, -1.1760]],

         [[-1.1604, -0.7752, -0.7402,  ..., -0.7402, -0.7927, -1.1954],
          [-0.4426,  1.8333,  2.0434,  ...,  2.0434,  1.7633, -0.6702],
          [-0.3550,  2.2010,  2.4286,  ...,  2.4286,  2.1134, -0.6001],
          ...,
          [-0.3550,  2.2010,  2.4286,  ...,  2.4286,  2.1134, -0.6001],
          [-0.3901,  2.0609,  2.2710,  ...,  2.2710,  1.9734, -0.6352],
          [-1.0028, -0.2500, -0.1800,  ..., -0.1800, -0.2675, -1.0728]],

         [[-0.9330, -0.5495, -0.5147,  ..., -0.5147, -0.5670, -0.9853],
          [-0.2358,  2.0474,  2.2566,  ...,  2.2566,  1.9603, -0.4624],
          [-0.1312,  2.4134,  2.6400,  ...,  2.6400,  2.3088, -0.3927],
          ...,
          [-0.1312,  2.4134,  2.6400,  ...,  2.6400,  2.3088, -0.3927],
          [-0.1661,  2.2740,  2.4831,  ...,  2.4831,  2.1694, -0.4275],
          [-0.7936, -0.0267,  0.0431,  ...,  0.0431, -0.0615, -0.8633]]]]), 'pixel_mask': tensor([[[1, 1, 1,  ..., 1, 1, 1],
         [1, 1, 1,  ..., 1, 1, 1],
         [1, 1, 1,  ..., 1, 1, 1],
         ...,
         [1, 1, 1,  ..., 1, 1, 1],
         [1, 1, 1,  ..., 1, 1, 1],
         [1, 1, 1,  ..., 1, 1, 1]]])}
2024-09-04 16:13:59 - INFO - Model çýktýsý: DetrObjectDetectionOutput(loss=None, loss_dict=None, logits=tensor([[[-19.4526,  -2.1253,  -8.7314,  ..., -16.0073, -11.9525,  12.3858],
         [-19.1248,  -2.5990,  -8.6402,  ..., -14.7716, -13.5929,  11.5009],
         [-19.1067,  -1.9596,  -6.6422,  ..., -14.1836, -11.0081,  11.6667],
         ...,
         [-17.6496,  -1.3947,  -5.5062,  ..., -10.9158, -10.8269,  11.9133],
         [-16.4472,  -1.3699,  -3.4014,  ...,  -9.8603, -11.1728,  11.1028],
         [-18.2235,  -1.5724,  -5.9589,  ..., -12.1053, -10.6156,  12.1243]]],
       grad_fn=<ViewBackward0>), pred_boxes=tensor([[[0.4699, 0.5167, 0.7109, 0.5850],
         [0.4988, 0.0929, 0.3040, 0.0359],
         [0.5397, 0.6577, 0.8067, 0.5317],
         [0.5053, 0.0944, 0.2104, 0.0279],
         [0.5072, 0.0919, 0.2648, 0.0348],
         [0.4882, 0.4837, 0.6941, 0.7563],
         [0.5324, 0.3531, 0.1392, 0.0442],
         [0.5562, 0.4545, 0.8392, 0.7815],
         [0.4537, 0.0968, 0.1307, 0.0270],
         [0.5097, 0.0895, 0.2694, 0.0361],
         [0.7624, 0.3904, 0.1099, 0.2493],
         [0.4851, 0.5469, 0.6854, 0.6496],
         [0.7664, 0.3905, 0.1113, 0.2737],
         [0.7726, 0.4461, 0.0936, 0.1104],
         [0.4878, 0.8154, 0.0681, 0.0450],
         [0.4779, 0.5356, 0.6792, 0.6443],
         [0.4915, 0.3377, 0.6292, 0.3063],
         [0.7703, 0.3553, 0.0712, 0.1622],
         [0.7675, 0.3799, 0.0911, 0.2193],
         [0.7654, 0.3793, 0.1066, 0.2426],
         [0.7608, 0.3940, 0.1235, 0.2893],
         [0.7661, 0.3889, 0.1098, 0.2657],
         [0.9319, 0.1040, 0.0776, 0.0502],
         [0.4617, 0.8771, 0.4526, 0.1476],
         [0.7511, 0.3727, 0.1222, 0.2283],
         [0.7524, 0.3899, 0.1363, 0.2804],
         [0.7684, 0.3833, 0.1046, 0.2582],
         [0.5077, 0.4772, 0.7253, 0.7748],
         [0.5131, 0.0942, 0.2382, 0.0324],
         [0.4311, 0.3862, 0.7605, 0.3430],
         [0.4824, 0.5663, 0.6826, 0.6532],
         [0.4369, 0.6979, 0.5990, 0.3295],
         [0.4481, 0.8105, 0.3259, 0.0821],
         [0.7727, 0.3733, 0.0751, 0.1899],
         [0.7689, 0.3799, 0.1051, 0.2605],
         [0.4855, 0.0927, 0.3209, 0.0404],
         [0.7671, 0.3888, 0.1026, 0.2565],
         [0.4840, 0.5257, 0.6716, 0.6634],
         [0.4750, 0.3312, 0.2182, 0.0597],
         [0.7589, 0.3576, 0.0609, 0.1611],
         [0.7704, 0.3620, 0.0719, 0.1734],
         [0.7684, 0.3777, 0.1023, 0.2510],
         [0.5097, 0.3780, 0.6425, 0.6205],
         [0.5039, 0.4735, 0.7396, 0.8271],
         [0.4736, 0.5023, 0.6706, 0.5252],
         [0.4739, 0.4555, 0.7309, 0.7675],
         [0.7674, 0.3646, 0.0763, 0.1760],
         [0.7020, 0.4848, 0.0477, 0.2437],
         [0.4896, 0.5625, 0.6799, 0.6291],
         [0.4844, 0.3036, 0.2650, 0.0790],
         [0.5076, 0.0937, 0.2592, 0.0323],
         [0.7663, 0.3664, 0.0941, 0.2058],
         [0.3962, 0.7966, 0.4890, 0.1437],
         [0.4521, 0.2758, 0.7429, 0.4063],
         [0.5511, 0.7939, 0.7859, 0.1644],
         [0.4916, 0.5001, 0.7050, 0.7370],
         [0.4592, 0.4869, 0.7033, 0.4925],
         [0.5985, 0.3740, 0.3624, 0.2334],
         [0.5226, 0.3418, 0.6053, 0.5508],
         [0.4869, 0.4801, 0.6976, 0.8425],
         [0.5077, 0.0933, 0.2689, 0.0340],
         [0.4855, 0.4758, 0.7080, 0.8230],
         [0.9302, 0.0985, 0.0930, 0.0755],
         [0.4493, 0.4795, 0.7429, 0.6782],
         [0.9205, 0.1010, 0.0698, 0.0584],
         [0.4196, 0.7999, 0.4802, 0.1202],
         [0.4692, 0.4741, 0.7073, 0.5167],
         [0.4840, 0.5714, 0.6711, 0.6302],
         [0.4628, 0.0964, 0.1509, 0.0292],
         [0.9233, 0.1083, 0.0386, 0.0284],
         [0.9185, 0.1069, 0.0363, 0.0276],
         [0.4875, 0.4767, 0.6982, 0.8164],
         [0.4890, 0.5496, 0.6620, 0.6342],
         [0.7555, 0.3890, 0.0725, 0.1717],
         [0.7398, 0.4736, 0.1562, 0.4467],
         [0.7646, 0.3877, 0.1045, 0.2559],
         [0.4787, 0.5357, 0.6686, 0.6265],
         [0.4292, 0.8390, 0.8026, 0.2004],
         [0.5002, 0.0959, 0.2431, 0.0317],
         [0.9043, 0.1101, 0.0362, 0.0305],
         [0.7664, 0.3924, 0.1169, 0.2801],
         [0.4930, 0.2975, 0.3172, 0.1314],
         [0.7907, 0.3767, 0.0771, 0.2179],
         [0.5074, 0.0918, 0.2610, 0.0350],
         [0.4797, 0.4290, 0.6394, 0.4986],
         [0.7744, 0.4682, 0.0920, 0.0710],
         [0.7768, 0.3906, 0.0868, 0.2236],
         [0.7489, 0.3861, 0.1418, 0.2705],
         [0.4895, 0.5038, 0.6977, 0.7898],
         [0.5419, 0.4821, 0.5201, 0.6643],
         [0.5743, 0.4723, 0.4860, 0.4719],
         [0.7658, 0.3880, 0.1020, 0.2541],
         [0.5626, 0.5610, 0.5103, 0.6329],
         [0.7219, 0.2960, 0.0754, 0.0304],
         [0.7368, 0.3795, 0.1017, 0.2142],
         [0.4853, 0.5424, 0.6734, 0.6547],
         [0.4788, 0.3699, 0.6358, 0.2873],
         [0.7482, 0.3548, 0.1367, 0.2052],
         [0.7651, 0.3893, 0.1059, 0.2612],
         [0.7407, 0.3544, 0.1159, 0.1738]]], grad_fn=<SigmoidBackward0>), auxiliary_outputs=None, last_hidden_state=tensor([[[-0.1197, -0.6451, -0.6244,  ..., -0.5581,  1.8798, -0.0250],
         [ 0.1400, -1.3603,  0.0724,  ..., -1.2592,  2.0212, -0.1435],
         [-0.4981, -0.7482, -0.3374,  ..., -0.3992,  1.8422, -0.1369],
         ...,
         [-0.9434, -0.4990, -0.5722,  ..., -0.8580,  2.5970,  1.1832],
         [-1.2216, -0.3288, -0.9055,  ..., -0.6719,  2.1815,  1.4482],
         [-0.8610, -0.6390, -0.6105,  ..., -0.8094,  2.8399,  1.2798]]],
       grad_fn=<NativeLayerNormBackward0>), decoder_hidden_states=None, decoder_attentions=None, cross_attentions=None, encoder_last_hidden_state=tensor([[[-0.0520, -0.0190, -0.0132,  ...,  0.0128, -0.0101, -0.0090],
         [-0.0542, -0.0115, -0.0158,  ...,  0.0937,  0.1023, -0.0433],
         [-0.0553, -0.0041, -0.0117,  ...,  0.0915,  0.1032, -0.0993],
         ...,
         [ 0.0843, -0.0029,  0.0253,  ..., -0.3914,  0.3588, -0.0148],
         [ 0.0832, -0.0078,  0.0283,  ..., -0.3998,  0.3534, -0.0297],
         [ 0.0283, -0.0052,  0.0192,  ..., -0.3955,  0.1916, -0.1466]]],
       grad_fn=<NativeLayerNormBackward0>), encoder_hidden_states=None, encoder_attentions=None)
2024-09-04 16:13:59 - INFO - Ýþlenmiþ sonuçlar: {'scores': tensor([], grad_fn=<IndexBackward0>), 'labels': tensor([], dtype=torch.int64), 'boxes': tensor([], size=(0, 4), grad_fn=<IndexBackward0>)}
2024-09-04 16:13:59 - WARNING - Algýlanan nesne yok.
